02/26/26 05:12:49 PM: CustomSeleniumDriver : INFO: Element found
02/26/26 05:12:50 PM: CustomSeleniumDriver : INFO: Element click was successful:. Locator//a[@href="/login"] Locator Type: xpath
02/26/26 05:12:50 PM: CustomSeleniumDriver : INFO: Element text was added successful:. Locator//input[@id="email"] Locator Type: xpath
02/26/26 05:12:50 PM: CustomSeleniumDriver : INFO: Element text was added successful:. Locator//input[@id="login-password"] Locator Type: xpath
02/26/26 05:12:52 PM: CustomSeleniumDriver : INFO: Element found
02/26/26 05:12:52 PM: CustomSeleniumDriver : INFO: Element click was successful:. Locator//button[@id="login"] Locator Type: xpath
02/26/26 05:12:55 PM: CustomSeleniumDriver : INFO: Element found
02/26/26 05:12:55 PM: CustomSeleniumDriver : INFO: Element Presence Check : Element Found
02/26/26 05:12:55 PM: CustomSeleniumDriver : INFO: Login Successful
02/26/26 05:12:55 PM: CustomSeleniumDriver : DEBUG: *****End of login_test.py execution*****
02/26/26 05:13:47 PM: CustomSeleniumDriver : INFO: Element found
02/26/26 05:13:48 PM: CustomSeleniumDriver : INFO: Element click was successful:. Locator//a[@href="/login"] Locator Type: xpath
02/26/26 05:13:48 PM: CustomSeleniumDriver : INFO: Element text was added successful:. Locator//input[@id="email"] Locator Type: xpath
02/26/26 05:13:48 PM: CustomSeleniumDriver : INFO: Element text was added successful:. Locator//input[@id="login-password"] Locator Type: xpath
02/26/26 05:13:50 PM: CustomSeleniumDriver : INFO: Element found
02/26/26 05:13:50 PM: CustomSeleniumDriver : INFO: Element click was successful:. Locator//button[@id="login"] Locator Type: xpath
02/26/26 05:13:57 PM: CustomSeleniumDriver : INFO: Element found
02/26/26 05:13:57 PM: CustomSeleniumDriver : INFO: Element Presence Check : Element Found
02/26/26 05:13:57 PM: CustomSeleniumDriver : INFO: Login Successful
02/26/26 05:13:57 PM: CustomSeleniumDriver : DEBUG: *****End of login_test.py execution*****
02/26/26 05:15:22 PM: CustomSeleniumDriver : INFO: Element found
02/26/26 05:15:23 PM: CustomSeleniumDriver : INFO: Element click was successful:. Locator//a[@href="/login"] Locator Type: xpath
02/26/26 05:15:23 PM: CustomSeleniumDriver : INFO: Element text was added successful:. Locator//input[@id="email"] Locator Type: xpath
02/26/26 05:15:23 PM: CustomSeleniumDriver : INFO: Element text was added successful:. Locator//input[@id="login-password"] Locator Type: xpath
02/26/26 05:15:25 PM: CustomSeleniumDriver : INFO: Element found
02/26/26 05:15:25 PM: CustomSeleniumDriver : INFO: Element click was successful:. Locator//button[@id="login"] Locator Type: xpath
02/26/26 05:15:32 PM: CustomSeleniumDriver : INFO: Element found
02/26/26 05:15:32 PM: CustomSeleniumDriver : INFO: Element Presence Check : Element Found
02/26/26 05:15:32 PM: CustomSeleniumDriver : INFO: Login Successful
02/26/26 05:15:32 PM: CustomSeleniumDriver : DEBUG: **********End of login_test.py execution**********
02/27/26 12:16:12 PM: LoginPage : INFO: Element found
02/27/26 12:16:13 PM: LoginPage : INFO: Element click was successful:. Locator//a[@href="/login"] Locator Type: xpath
02/27/26 12:16:13 PM: LoginPage : INFO: Element text was added successful:. Locator//input[@id="email"] Locator Type: xpath
02/27/26 12:16:13 PM: LoginPage : INFO: Element text was added successful:. Locator//input[@id="login-password"] Locator Type: xpath
02/27/26 12:16:15 PM: LoginPage : INFO: Element found
02/27/26 12:16:15 PM: LoginPage : INFO: Element click was successful:. Locator//button[@id="login"] Locator Type: xpath
02/27/26 12:16:19 PM: LoginPage : INFO: Element found
02/27/26 12:16:19 PM: LoginPage : INFO: Element Presence Check : Element Found
02/27/26 12:16:19 PM: LoginPage : INFO: Login Successful
02/27/26 12:16:19 PM: LoginPage : DEBUG: **********End of login_test.py execution**********
02/27/26 12:50:51 PM: LoginPage : INFO: Element found
02/27/26 12:50:52 PM: LoginPage : INFO: Element click was successful:. Locator//a[@href="/login"] Locator Type: xpath
02/27/26 12:50:52 PM: LoginPage : INFO: Element text was added successful:. Locator//input[@id="email"] Locator Type: xpath
02/27/26 12:50:52 PM: LoginPage : INFO: Element text was added successful:. Locator//input[@id="login-password"] Locator Type: xpath
02/27/26 12:50:54 PM: LoginPage : INFO: Element found
02/27/26 12:50:54 PM: LoginPage : INFO: Element click was successful:. Locator//button[@id="login"] Locator Type: xpath
02/27/26 12:51:00 PM: LoginPage : WARNING: Element not found
02/27/26 12:51:00 PM: LoginPage : DEBUG: **********Error in execution of login_test.py**********
02/27/26 12:51:00 PM: LoginPage : WARNING: Element not clicked on the webpage:. Locator://span[@id="incorrectdetails"] Locator type: xpath
02/27/26 12:51:00 PM: LoginPage : DEBUG: **********Error in execution of login_test.py**********
02/27/26 12:51:01 PM: LoginPage : INFO: Element found
02/27/26 12:51:01 PM: LoginPage : INFO: Element Presence Check : Element Found
02/27/26 12:51:01 PM: LoginPage : INFO: Login Successful
02/27/26 12:51:01 PM: LoginPage : DEBUG: **********End of login_test.py execution**********
02/27/26 12:53:40 PM: LoginPage : INFO: Element found
02/27/26 12:53:42 PM: LoginPage : INFO: Element click was successful:. Locator//a[@href="/login"] Locator Type: xpath
02/27/26 12:53:42 PM: LoginPage : INFO: Element text was added successful:. Locator//input[@id="email"] Locator Type: xpath
02/27/26 12:53:42 PM: LoginPage : INFO: Element text was added successful:. Locator//input[@id="login-password"] Locator Type: xpath
02/27/26 12:53:44 PM: LoginPage : INFO: Element found
02/27/26 12:53:44 PM: LoginPage : INFO: Element click was successful:. Locator//button[@id="login"] Locator Type: xpath
02/27/26 12:53:49 PM: LoginPage : WARNING: Element not found
02/27/26 12:53:49 PM: LoginPage : DEBUG: **********Error in execution of login_test.py**********
02/27/26 12:53:49 PM: LoginPage : INFO: Element Presence Check : Element Not Found
02/27/26 12:53:49 PM: LoginPage : DEBUG: **********Error in execution of login_test.py**********
02/27/26 12:53:49 PM: LoginPage : INFO: Element found
02/27/26 12:53:49 PM: LoginPage : INFO: Element Presence Check : Element Found
02/27/26 12:53:49 PM: LoginPage : INFO: Login Successful
02/27/26 12:53:49 PM: LoginPage : DEBUG: **********End of login_test.py execution**********
02/27/26 01:00:27 PM: LoginPage : INFO: Element found
02/27/26 01:00:28 PM: LoginPage : INFO: Element click was successful:. Locator//a[@href="/login"] Locator Type: xpath
02/27/26 01:00:28 PM: LoginPage : INFO: Element text was added successful:. Locator//input[@id="email"] Locator Type: xpath
02/27/26 01:00:29 PM: LoginPage : INFO: Element text was added successful:. Locator//input[@id="login-password"] Locator Type: xpath
02/27/26 01:00:31 PM: LoginPage : INFO: Element found
02/27/26 01:00:31 PM: LoginPage : INFO: Element click was successful:. Locator//button[@id="login"] Locator Type: xpath
02/27/26 01:00:33 PM: LoginPage : INFO: Element found
02/27/26 01:00:33 PM: LoginPage : INFO: Element Presence Check : Element Found
02/27/26 01:00:33 PM: LoginPage : INFO: Login Failed : Please check your login details or internet connection
02/27/26 01:00:33 PM: LoginPage : DEBUG: ********************End of login_test.py execution********************
02/27/26 05:10:50 PM: LoginPage : INFO: Element found
02/27/26 05:10:51 PM: LoginPage : INFO: Element click was successful:. Locator//a[@href="/login"] Locator Type: xpath
02/27/26 05:10:51 PM: LoginPage : INFO: Element text was added successful:. Locator//input[@id="email"] Locator Type: xpath
02/27/26 05:10:51 PM: LoginPage : INFO: Element text was added successful:. Locator//input[@id="login-password"] Locator Type: xpath
02/27/26 05:10:53 PM: LoginPage : INFO: Element found
02/27/26 05:10:53 PM: LoginPage : INFO: Element click was successful:. Locator//button[@id="login"] Locator Type: xpath
02/27/26 05:10:55 PM: LoginPage : INFO: Element found
02/27/26 05:10:55 PM: LoginPage : INFO: Element Presence Check : Element Found
02/27/26 05:10:55 PM: LoginPage : INFO: Login Failed : Please check your login details or internet connection
02/27/26 05:10:55 PM: LoginPage : DEBUG: ********************End of login_test.py execution********************
02/27/26 05:14:26 PM: LoginPage : INFO: Element found
02/27/26 05:14:27 PM: LoginPage : INFO: Element click was successful:. Locator//a[@href="/login"] Locator Type: xpath
02/27/26 05:14:27 PM: LoginPage : INFO: Element text was added successful:. Locator//input[@id="email"] Locator Type: xpath
02/27/26 05:14:27 PM: LoginPage : INFO: Element text was added successful:. Locator//input[@id="login-password"] Locator Type: xpath
02/27/26 05:14:29 PM: LoginPage : INFO: Element found
02/27/26 05:14:29 PM: LoginPage : INFO: Element click was successful:. Locator//button[@id="login"] Locator Type: xpath
02/27/26 05:14:35 PM: LoginPage : WARNING: Element not found
02/27/26 05:14:35 PM: LoginPage : DEBUG: **********Error in execution of login_test.py**********
02/27/26 05:14:35 PM: LoginPage : INFO: Element Presence Check : Element Not Found
02/27/26 05:14:35 PM: LoginPage : DEBUG: **********Error in execution of login_test.py**********
02/27/26 05:14:35 PM: LoginPage : INFO: Element found
02/27/26 05:14:35 PM: LoginPage : INFO: Element Presence Check : Element Found
02/27/26 05:14:35 PM: LoginPage : INFO: Login Successful
02/27/26 05:14:35 PM: LoginPage : DEBUG: ********************End of login_test.py execution********************
02/27/26 05:16:41 PM: LoginPage : INFO: Element found
02/27/26 05:16:42 PM: LoginPage : INFO: Element click was successful:. Locator//a[@href="/login"] Locator Type: xpath
02/27/26 05:16:42 PM: LoginPage : INFO: Element text was added successful:. Locator//input[@id="email"] Locator Type: xpath
02/27/26 05:16:42 PM: LoginPage : INFO: Element text was added successful:. Locator//input[@id="login-password"] Locator Type: xpath
02/27/26 05:16:44 PM: LoginPage : INFO: Element found
02/27/26 05:16:44 PM: LoginPage : INFO: Element click was successful:. Locator//button[@id="login"] Locator Type: xpath
02/27/26 05:16:49 PM: LoginPage : WARNING: Element not found
02/27/26 05:16:49 PM: LoginPage : DEBUG: **********Error in execution of login_test.py**********
02/27/26 05:16:49 PM: LoginPage : INFO: Element Presence Check : Element Not Found
02/27/26 05:16:49 PM: LoginPage : DEBUG: **********Error in execution of login_test.py**********
02/27/26 05:16:49 PM: LoginPage : INFO: Element found
02/27/26 05:16:49 PM: LoginPage : INFO: Element Presence Check : Element Found
02/27/26 05:16:49 PM: LoginPage : DEBUG: ********************End of login_test.py execution********************
02/28/26 04:51:26 PM: LoginPage : INFO: Element found
02/28/26 04:51:28 PM: LoginPage : INFO: Element click was successful:. Locator//a[@href="/login"] Locator Type: xpath
02/28/26 04:51:29 PM: LoginPage : INFO: Element text was added successful:. Locator//input[@id="email"] Locator Type: xpath
02/28/26 04:51:29 PM: LoginPage : INFO: Element text was added successful:. Locator//input[@id="login-password"] Locator Type: xpath
02/28/26 04:51:31 PM: LoginPage : INFO: Element found
02/28/26 04:51:31 PM: LoginPage : INFO: Element click was successful:. Locator//button[@id="login"] Locator Type: xpath
02/28/26 04:51:36 PM: LoginPage : WARNING: Element not found
02/28/26 04:51:36 PM: LoginPage : DEBUG: **********Error in execution of login_test.py**********
02/28/26 04:51:36 PM: LoginPage : INFO: Element Presence Check : Element Not Found
02/28/26 04:51:36 PM: LoginPage : DEBUG: **********Error in execution of login_test.py**********
02/28/26 04:51:36 PM: LoginPage : INFO: Element found
02/28/26 04:51:36 PM: LoginPage : INFO: Element Presence Check : Element Found
02/28/26 04:51:36 PM: LoginPage : INFO: Login Successful
02/28/26 04:51:36 PM: LoginPage : DEBUG: ********************End of login_test.py execution********************
02/28/26 04:59:38 PM: WebdriverFactory : DEBUG: Test initiated on microsoft edge webdriver instance
02/28/26 04:59:41 PM: LoginPage : INFO: Element found
02/28/26 04:59:42 PM: LoginPage : INFO: Element click was successful:. Locator//a[@href="/login"] Locator Type: xpath
02/28/26 04:59:43 PM: LoginPage : INFO: Element text was added successful:. Locator//input[@id="email"] Locator Type: xpath
02/28/26 04:59:43 PM: LoginPage : INFO: Element text was added successful:. Locator//input[@id="login-password"] Locator Type: xpath
02/28/26 04:59:45 PM: LoginPage : INFO: Element found
02/28/26 04:59:45 PM: LoginPage : INFO: Element click was successful:. Locator//button[@id="login"] Locator Type: xpath
02/28/26 04:59:50 PM: LoginPage : WARNING: Element not found
02/28/26 04:59:50 PM: LoginPage : DEBUG: **********Error in execution of login_test.py**********
02/28/26 04:59:50 PM: LoginPage : INFO: Element Presence Check : Element Not Found
02/28/26 04:59:50 PM: LoginPage : DEBUG: **********Error in execution of login_test.py**********
02/28/26 04:59:50 PM: LoginPage : INFO: Element found
02/28/26 04:59:50 PM: LoginPage : INFO: Element Presence Check : Element Found
02/28/26 04:59:50 PM: LoginPage : INFO: Login Successful
02/28/26 04:59:50 PM: LoginPage : DEBUG: ********************End of login_test.py execution********************
02/28/26 05:17:48 PM: <module> : INFO: Running conftest.py oneTimeSetUp setup
02/28/26 05:17:49 PM: WebdriverFactory : DEBUG: Test initiated on microsoft edge webdriver instance
02/28/26 05:17:53 PM: LoginPage : INFO: Element found
02/28/26 05:17:54 PM: LoginPage : INFO: Element click was successful:. Locator//a[@href="/login"] Locator Type: xpath
02/28/26 05:17:54 PM: LoginPage : INFO: Element text was added successful:. Locator//input[@id="email"] Locator Type: xpath
02/28/26 05:17:55 PM: LoginPage : INFO: Element text was added successful:. Locator//input[@id="login-password"] Locator Type: xpath
02/28/26 05:17:57 PM: LoginPage : INFO: Element found
02/28/26 05:17:57 PM: LoginPage : INFO: Element click was successful:. Locator//button[@id="login"] Locator Type: xpath
02/28/26 05:18:02 PM: LoginPage : WARNING: Element not found
02/28/26 05:18:02 PM: LoginPage : DEBUG: **********Error in execution of login_test.py**********
02/28/26 05:18:02 PM: LoginPage : INFO: Element Presence Check : Element Not Found
02/28/26 05:18:02 PM: LoginPage : DEBUG: **********Error in execution of login_test.py**********
02/28/26 05:18:02 PM: LoginPage : INFO: Element found
02/28/26 05:18:02 PM: LoginPage : INFO: Element Presence Check : Element Found
02/28/26 05:18:02 PM: LoginPage : INFO: Login Successful
02/28/26 05:18:02 PM: LoginPage : DEBUG: ********************End of login_test.py execution********************
02/28/26 05:18:05 PM: <module> : INFO: Running conftest.py oneTimeSetUp teardown
02/28/26 05:18:28 PM: <module> : INFO: Running conftest.py oneTimeSetUp setup
02/28/26 05:18:29 PM: WebdriverFactory : DEBUG: Test initiated on chrome webdriver instance
02/28/26 05:18:34 PM: LoginPage : INFO: Element found
02/28/26 05:18:35 PM: LoginPage : INFO: Element click was successful:. Locator//a[@href="/login"] Locator Type: xpath
02/28/26 05:18:35 PM: LoginPage : INFO: Element text was added successful:. Locator//input[@id="email"] Locator Type: xpath
02/28/26 05:18:35 PM: LoginPage : INFO: Element text was added successful:. Locator//input[@id="login-password"] Locator Type: xpath
02/28/26 05:18:37 PM: LoginPage : INFO: Element found
02/28/26 05:18:37 PM: LoginPage : INFO: Element click was successful:. Locator//button[@id="login"] Locator Type: xpath
02/28/26 05:18:42 PM: LoginPage : WARNING: Element not found
02/28/26 05:18:42 PM: LoginPage : DEBUG: **********Error in execution of login_test.py**********
02/28/26 05:18:42 PM: LoginPage : INFO: Element Presence Check : Element Not Found
02/28/26 05:18:42 PM: LoginPage : DEBUG: **********Error in execution of login_test.py**********
02/28/26 05:18:43 PM: LoginPage : INFO: Element found
02/28/26 05:18:43 PM: LoginPage : INFO: Element Presence Check : Element Found
02/28/26 05:18:43 PM: LoginPage : INFO: Login Successful
02/28/26 05:18:43 PM: LoginPage : DEBUG: ********************End of login_test.py execution********************
02/28/26 05:18:46 PM: <module> : INFO: Running conftest.py oneTimeSetUp teardown
02/28/26 05:20:47 PM: <module> : DEBUG: ********************Start of login_test.py execution********************
02/28/26 05:20:47 PM: <module> : INFO: Running conftest.py oneTimeSetUp setup
02/28/26 05:20:48 PM: WebdriverFactory : DEBUG: Test initiated on chrome webdriver instance
02/28/26 05:20:54 PM: LoginPage : INFO: Element found
02/28/26 05:20:55 PM: LoginPage : INFO: Element click was successful:. Locator//a[@href="/login"] Locator Type: xpath
02/28/26 05:20:55 PM: LoginPage : INFO: Element text was added successful:. Locator//input[@id="email"] Locator Type: xpath
02/28/26 05:20:55 PM: LoginPage : INFO: Element text was added successful:. Locator//input[@id="login-password"] Locator Type: xpath
02/28/26 05:20:57 PM: LoginPage : INFO: Element found
02/28/26 05:20:57 PM: LoginPage : INFO: Element click was successful:. Locator//button[@id="login"] Locator Type: xpath
02/28/26 05:21:03 PM: LoginPage : WARNING: Element not found
02/28/26 05:21:03 PM: LoginPage : DEBUG: **********Error in execution of login_test.py**********
02/28/26 05:21:03 PM: LoginPage : INFO: Element Presence Check : Element Not Found
02/28/26 05:21:03 PM: LoginPage : DEBUG: **********Error in execution of login_test.py**********
02/28/26 05:21:03 PM: LoginPage : INFO: Element found
02/28/26 05:21:03 PM: LoginPage : INFO: Element Presence Check : Element Found
02/28/26 05:21:03 PM: LoginPage : INFO: Login Successful
02/28/26 05:21:06 PM: <module> : INFO: Running conftest.py oneTimeSetUp teardown
02/28/26 05:21:06 PM: <module> : DEBUG: ********************End of login_test.py execution********************
02/28/26 05:36:09 PM: <module> : DEBUG: ********************Start of login_test.py execution********************
02/28/26 05:36:09 PM: <module> : INFO: Running conftest.py oneTimeSetUp setup
02/28/26 05:36:10 PM: WebdriverFactory : DEBUG: Test initiated on chrome webdriver instance
02/28/26 05:36:15 PM: LoginPage : INFO: Element found
02/28/26 05:36:17 PM: LoginPage : INFO: Element click was successful:. Locator//a[@href="/login"] Locator Type: xpath
02/28/26 05:36:17 PM: LoginPage : INFO: Element text was added successful:. Locator//input[@id="email"] Locator Type: xpath
02/28/26 05:36:17 PM: LoginPage : INFO: Element text was added successful:. Locator//input[@id="login-password"] Locator Type: xpath
02/28/26 05:36:19 PM: LoginPage : INFO: Element found
02/28/26 05:36:19 PM: LoginPage : INFO: Element click was successful:. Locator//button[@id="login"] Locator Type: xpath
02/28/26 05:36:21 PM: LoginPage : INFO: Element found
02/28/26 05:36:21 PM: LoginPage : INFO: Element Presence Check : Element Found
02/28/26 05:36:21 PM: <module> : INFO: Running conftest.py oneTimeSetUp teardofwn
02/28/26 05:36:21 PM: <module> : DEBUG: ********************End of login_test.py execution********************
02/28/26 05:37:27 PM: <module> : DEBUG: ********************Start of login_test.py execution********************
02/28/26 05:37:27 PM: <module> : INFO: Running conftest.py oneTimeSetUp setup
02/28/26 05:37:29 PM: WebdriverFactory : DEBUG: Test initiated on chrome webdriver instance
02/28/26 05:37:33 PM: LoginPage : INFO: Element found
02/28/26 05:37:34 PM: LoginPage : INFO: Element click was successful:. Locator//a[@href="/login"] Locator Type: xpath
02/28/26 05:37:34 PM: LoginPage : INFO: Element text was added successful:. Locator//input[@id="email"] Locator Type: xpath
02/28/26 05:37:34 PM: LoginPage : INFO: Element text was added successful:. Locator//input[@id="login-password"] Locator Type: xpath
02/28/26 05:37:36 PM: LoginPage : INFO: Element found
02/28/26 05:37:37 PM: LoginPage : INFO: Element click was successful:. Locator//button[@id="login"] Locator Type: xpath
02/28/26 05:37:39 PM: LoginPage : INFO: Element found
02/28/26 05:37:39 PM: LoginPage : INFO: Element Presence Check : Element Found
02/28/26 05:37:39 PM: LoginPage : INFO: Login Failed : Please check your login details or internet connection
02/28/26 05:37:39 PM: <module> : INFO: Running conftest.py oneTimeSetUp teardown
02/28/26 05:37:39 PM: <module> : DEBUG: ********************End of login_test.py execution********************
02/28/26 06:20:43 PM: <module> : DEBUG: ********************Start of login_test.py execution********************
02/28/26 06:20:43 PM: <module> : INFO: Running conftest.py oneTimeSetUp setup
02/28/26 06:20:46 PM: WebdriverFactory : DEBUG: Test initiated on chrome webdriver instance
02/28/26 06:20:51 PM: LoginPage : INFO: Element found
02/28/26 06:20:52 PM: LoginPage : INFO: Element click was successful:. Locator//a[@href="/login"] Locator Type: xpath
02/28/26 06:20:53 PM: LoginPage : INFO: Element text was added successful:. Locator//input[@id="email"] Locator Type: xpath
02/28/26 06:20:53 PM: LoginPage : INFO: Element text was added successful:. Locator//input[@id="login-password"] Locator Type: xpath
02/28/26 06:20:55 PM: LoginPage : INFO: Element found
02/28/26 06:20:55 PM: LoginPage : INFO: Element click was successful:. Locator//button[@id="login"] Locator Type: xpath
02/28/26 06:21:00 PM: LoginPage : WARNING: Element not found
02/28/26 06:21:00 PM: LoginPage : DEBUG: **********Error in execution of login_test.py**********
02/28/26 06:21:00 PM: LoginPage : INFO: Element Presence Check : Element Not Found
02/28/26 06:21:00 PM: LoginPage : DEBUG: **********Error in execution of login_test.py**********
02/28/26 06:21:00 PM: LoginPage : INFO: Element found
02/28/26 06:21:00 PM: LoginPage : INFO: Element Presence Check : Element Found
02/28/26 06:21:00 PM: LoginPage : INFO: Login Successful
02/28/26 06:21:03 PM: <module> : INFO: Running conftest.py oneTimeSetUp teardown
02/28/26 06:21:03 PM: <module> : DEBUG: ********************End of login_test.py execution********************
02/28/26 06:21:14 PM: <module> : DEBUG: ********************Start of login_test.py execution********************
02/28/26 06:21:14 PM: <module> : INFO: Running conftest.py oneTimeSetUp setup
02/28/26 06:21:16 PM: WebdriverFactory : DEBUG: Test initiated on chrome webdriver instance
02/28/26 06:21:20 PM: LoginPage : INFO: Element found
02/28/26 06:21:21 PM: LoginPage : INFO: Element click was successful:. Locator//a[@href="/login"] Locator Type: xpath
02/28/26 06:21:21 PM: LoginPage : INFO: Element text was added successful:. Locator//input[@id="email"] Locator Type: xpath
02/28/26 06:21:21 PM: LoginPage : INFO: Element text was added successful:. Locator//input[@id="login-password"] Locator Type: xpath
02/28/26 06:21:23 PM: LoginPage : INFO: Element found
02/28/26 06:21:23 PM: LoginPage : INFO: Element click was successful:. Locator//button[@id="login"] Locator Type: xpath
02/28/26 06:21:26 PM: LoginPage : INFO: Element found
02/28/26 06:21:26 PM: LoginPage : INFO: Element Presence Check : Element Found
02/28/26 06:21:26 PM: LoginPage : INFO: Login Failed : Please check your login details or internet connection
02/28/26 06:21:26 PM: TestStatus : INFO: ## Verification successful :: Login details are incorrect
02/28/26 06:21:26 PM: TestStatus : INFO: ## Verification successful :: Login details are incorrect
02/28/26 06:21:26 PM: TestStatus : ERROR: login_page.py->validateLogIn()## Test Successful
02/28/26 06:21:29 PM: <module> : INFO: Running conftest.py oneTimeSetUp teardown
02/28/26 06:21:29 PM: <module> : DEBUG: ********************End of login_test.py execution********************
02/28/26 06:51:12 PM: <module> : DEBUG: ********************Start of login_test.py execution********************
02/28/26 06:51:12 PM: <module> : INFO: Running conftest.py oneTimeSetUp setup
02/28/26 06:51:14 PM: WebdriverFactory : DEBUG: Test initiated on chrome webdriver instance
02/28/26 06:51:20 PM: LoginPage : INFO: Element found
02/28/26 06:51:21 PM: LoginPage : INFO: Element click was successful:. Locator//a[@href="/login"] Locator Type: xpath
02/28/26 06:51:22 PM: LoginPage : INFO: Element text was added successful:. Locator//input[@id="email"] Locator Type: xpath
02/28/26 06:51:22 PM: LoginPage : INFO: Element text was added successful:. Locator//input[@id="login-password"] Locator Type: xpath
02/28/26 06:51:24 PM: LoginPage : INFO: Element found
02/28/26 06:51:24 PM: LoginPage : INFO: Element click was successful:. Locator//button[@id="login"] Locator Type: xpath
02/28/26 06:51:26 PM: LoginPage : INFO: Element found
02/28/26 06:51:26 PM: LoginPage : INFO: Element Presence Check : Element Found
02/28/26 06:51:26 PM: TestStatus : INFO: ## Verification successful :: Login details are incorrect
02/28/26 06:51:26 PM: TestStatus : INFO: ## Verification successful :: Login details are incorrect
02/28/26 06:51:26 PM: TestStatus : ERROR: login_page.py->validateLogIn()## Test Successful
02/28/26 06:51:29 PM: <module> : INFO: Running conftest.py oneTimeSetUp teardown
02/28/26 06:51:29 PM: <module> : DEBUG: ********************End of login_test.py execution********************
02/28/26 06:52:58 PM: <module> : DEBUG: ********************Start of login_test.py execution********************
02/28/26 06:52:58 PM: <module> : INFO: Running conftest.py oneTimeSetUp setup
02/28/26 06:53:00 PM: WebdriverFactory : DEBUG: Test initiated on chrome webdriver instance
02/28/26 06:53:04 PM: LoginPage : INFO: Element found
02/28/26 06:53:05 PM: LoginPage : INFO: Element click was successful:. Locator//a[@href="/login"] Locator Type: xpath
02/28/26 06:53:05 PM: LoginPage : INFO: Element text was added successful:. Locator//input[@id="email"] Locator Type: xpath
02/28/26 06:53:05 PM: LoginPage : INFO: Element text was added successful:. Locator//input[@id="login-password"] Locator Type: xpath
02/28/26 06:53:07 PM: LoginPage : INFO: Element found
02/28/26 06:53:08 PM: LoginPage : INFO: Element click was successful:. Locator//button[@id="login"] Locator Type: xpath
02/28/26 06:53:10 PM: LoginPage : INFO: Element found
02/28/26 06:53:10 PM: LoginPage : INFO: Element Presence Check : Element Found
02/28/26 06:53:10 PM: LoginPage : INFO: Screenshot saved successfully to : C:\Users\glend\workspace_python\Automation Framework Tutorial Project\Base\../Screenshots/Error:Login details are incorrect.1772284990124.png
02/28/26 06:53:10 PM: TestStatus : INFO: ## Verification successful :: Login details are incorrect
02/28/26 06:53:10 PM: TestStatus : INFO: ## Verification successful :: Login details are incorrect
02/28/26 06:53:10 PM: TestStatus : ERROR: login_page.py->validateLogIn()## Test Successful
02/28/26 06:53:13 PM: <module> : INFO: Running conftest.py oneTimeSetUp teardown
02/28/26 06:53:13 PM: <module> : DEBUG: ********************End of login_test.py execution********************
02/28/26 06:56:12 PM: <module> : DEBUG: ********************Start of login_test.py execution********************
02/28/26 06:56:12 PM: <module> : INFO: Running conftest.py oneTimeSetUp setup
02/28/26 06:56:13 PM: WebdriverFactory : DEBUG: Test initiated on chrome webdriver instance
02/28/26 06:56:19 PM: LoginPage : INFO: Element found
02/28/26 06:56:21 PM: LoginPage : INFO: Element click was successful:. Locator//a[@href="/login"] Locator Type: xpath
02/28/26 06:56:21 PM: LoginPage : INFO: Element text was added successful:. Locator//input[@id="email"] Locator Type: xpath
02/28/26 06:56:21 PM: LoginPage : INFO: Element text was added successful:. Locator//input[@id="login-password"] Locator Type: xpath
02/28/26 06:56:23 PM: LoginPage : INFO: Element found
02/28/26 06:56:23 PM: LoginPage : INFO: Element click was successful:. Locator//button[@id="login"] Locator Type: xpath
02/28/26 06:56:25 PM: LoginPage : INFO: Element found
02/28/26 06:56:25 PM: LoginPage : INFO: Element Presence Check : Element Found
02/28/26 06:56:25 PM: LoginPage : INFO: Screenshot saved successfully to : C:\Users\glend\workspace_python\Automation Framework Tutorial Project\Base\../Screenshots/Error:Login details are incorrect.1772285185751.png
02/28/26 06:56:25 PM: TestStatus : INFO: ## Verification successful :: Login details are incorrect
02/28/26 06:56:25 PM: TestStatus : INFO: ## Verification successful :: Login details are incorrect
02/28/26 06:56:25 PM: TestStatus : ERROR: login_page.py->validateLogIn()## Test Successful
02/28/26 06:56:28 PM: <module> : INFO: Running conftest.py oneTimeSetUp teardown
02/28/26 06:56:28 PM: <module> : DEBUG: ********************End of login_test.py execution********************
02/28/26 06:58:36 PM: <module> : DEBUG: ********************Start of login_test.py execution********************
02/28/26 06:58:36 PM: <module> : INFO: Running conftest.py oneTimeSetUp setup
02/28/26 06:58:37 PM: WebdriverFactory : DEBUG: Test initiated on chrome webdriver instance
02/28/26 06:58:42 PM: LoginPage : INFO: Element found
02/28/26 06:58:44 PM: LoginPage : INFO: Element click was successful:. Locator//a[@href="/login"] Locator Type: xpath
02/28/26 06:58:44 PM: LoginPage : INFO: Element text was added successful:. Locator//input[@id="email"] Locator Type: xpath
02/28/26 06:58:44 PM: LoginPage : INFO: Element text was added successful:. Locator//input[@id="login-password"] Locator Type: xpath
02/28/26 06:58:46 PM: LoginPage : INFO: Element found
02/28/26 06:58:46 PM: LoginPage : INFO: Element click was successful:. Locator//button[@id="login"] Locator Type: xpath
02/28/26 06:58:48 PM: LoginPage : INFO: Element found
02/28/26 06:58:48 PM: LoginPage : INFO: Element Presence Check : Element Found
02/28/26 06:58:49 PM: LoginPage : INFO: Screenshot saved successfully to : C:\Users\glend\workspace_python\Automation Framework Tutorial Project\Base\../Screenshots/Error:Login details are incorrect.png
02/28/26 06:58:49 PM: TestStatus : INFO: ## Verification successful :: Login details are incorrect
02/28/26 06:58:49 PM: TestStatus : INFO: ## Verification successful :: Login details are incorrect
02/28/26 06:58:49 PM: TestStatus : ERROR: login_page.py->validateLogIn()## Test Successful
02/28/26 06:58:52 PM: <module> : INFO: Running conftest.py oneTimeSetUp teardown
02/28/26 06:58:52 PM: <module> : DEBUG: ********************End of login_test.py execution********************
02/28/26 06:59:57 PM: <module> : DEBUG: ********************Start of login_test.py execution********************
02/28/26 06:59:57 PM: <module> : INFO: Running conftest.py oneTimeSetUp setup
02/28/26 06:59:59 PM: WebdriverFactory : DEBUG: Test initiated on chrome webdriver instance
02/28/26 07:00:06 PM: LoginPage : INFO: Element found
02/28/26 07:00:07 PM: LoginPage : INFO: Element click was successful:. Locator//a[@href="/login"] Locator Type: xpath
02/28/26 07:00:08 PM: LoginPage : INFO: Element text was added successful:. Locator//input[@id="email"] Locator Type: xpath
02/28/26 07:00:08 PM: LoginPage : INFO: Element text was added successful:. Locator//input[@id="login-password"] Locator Type: xpath
02/28/26 07:00:10 PM: LoginPage : INFO: Element found
02/28/26 07:00:10 PM: LoginPage : INFO: Element click was successful:. Locator//button[@id="login"] Locator Type: xpath
02/28/26 07:00:12 PM: LoginPage : INFO: Element found
02/28/26 07:00:12 PM: LoginPage : INFO: Element Presence Check : Element Found
02/28/26 07:00:12 PM: LoginPage : INFO: Screenshot saved successfully to : C:\Screenshots\Error:Login details are incorrect.png
02/28/26 07:00:12 PM: TestStatus : INFO: ## Verification successful :: Login details are incorrect
02/28/26 07:00:12 PM: TestStatus : INFO: ## Verification successful :: Login details are incorrect
02/28/26 07:00:12 PM: TestStatus : ERROR: login_page.py->validateLogIn()## Test Successful
02/28/26 07:00:15 PM: <module> : INFO: Running conftest.py oneTimeSetUp teardown
02/28/26 07:00:15 PM: <module> : DEBUG: ********************End of login_test.py execution********************
02/28/26 07:03:19 PM: <module> : DEBUG: ********************Start of login_test.py execution********************
02/28/26 07:03:19 PM: <module> : INFO: Running conftest.py oneTimeSetUp setup
02/28/26 07:03:21 PM: WebdriverFactory : DEBUG: Test initiated on chrome webdriver instance
02/28/26 07:03:27 PM: LoginPage : INFO: Element found
02/28/26 07:03:29 PM: LoginPage : INFO: Element click was successful:. Locator//a[@href="/login"] Locator Type: xpath
02/28/26 07:03:29 PM: LoginPage : INFO: Element text was added successful:. Locator//input[@id="email"] Locator Type: xpath
02/28/26 07:03:29 PM: LoginPage : INFO: Element text was added successful:. Locator//input[@id="login-password"] Locator Type: xpath
02/28/26 07:03:31 PM: LoginPage : INFO: Element found
02/28/26 07:03:31 PM: LoginPage : INFO: Element click was successful:. Locator//button[@id="login"] Locator Type: xpath
02/28/26 07:03:33 PM: LoginPage : INFO: Element found
02/28/26 07:03:33 PM: LoginPage : INFO: Element Presence Check : Element Found
02/28/26 07:03:33 PM: LoginPage : INFO: Screenshot saved successfully to : C:\Users\glend\workspace_python\Automation Framework Tutorial Project\Screenshots\Error:Login details are incorrect.png
02/28/26 07:03:33 PM: TestStatus : INFO: ## Verification successful :: Login details are incorrect
02/28/26 07:03:33 PM: TestStatus : INFO: ## Verification successful :: Login details are incorrect
02/28/26 07:03:33 PM: TestStatus : ERROR: login_page.py->validateLogIn()## Test Successful
02/28/26 07:03:36 PM: <module> : INFO: Running conftest.py oneTimeSetUp teardown
02/28/26 07:03:36 PM: <module> : DEBUG: ********************End of login_test.py execution********************
02/28/26 07:05:44 PM: <module> : DEBUG: ********************Start of login_test.py execution********************
02/28/26 07:05:44 PM: <module> : INFO: Running conftest.py oneTimeSetUp setup
02/28/26 07:05:46 PM: WebdriverFactory : DEBUG: Test initiated on chrome webdriver instance
02/28/26 07:05:52 PM: LoginPage : INFO: Element found
02/28/26 07:05:53 PM: LoginPage : INFO: Element click was successful:. Locator//a[@href="/login"] Locator Type: xpath
02/28/26 07:05:53 PM: LoginPage : INFO: Element text was added successful:. Locator//input[@id="email"] Locator Type: xpath
02/28/26 07:05:53 PM: LoginPage : INFO: Element text was added successful:. Locator//input[@id="login-password"] Locator Type: xpath
02/28/26 07:05:56 PM: LoginPage : INFO: Element found
02/28/26 07:05:56 PM: LoginPage : INFO: Element click was successful:. Locator//button[@id="login"] Locator Type: xpath
02/28/26 07:05:58 PM: LoginPage : INFO: Element found
02/28/26 07:05:58 PM: LoginPage : INFO: Element Presence Check : Element Found
02/28/26 07:05:58 PM: LoginPage : INFO: Screenshot saved successfully to : C:\Users\glend\workspace_python\Automation Framework Tutorial Project\Base\./Screenshots/Error:Login details are incorrect.png
02/28/26 07:05:58 PM: TestStatus : INFO: ## Verification successful :: Login details are incorrect
02/28/26 07:05:58 PM: TestStatus : INFO: ## Verification successful :: Login details are incorrect
02/28/26 07:05:58 PM: TestStatus : ERROR: login_page.py->validateLogIn()## Test Successful
02/28/26 07:06:01 PM: <module> : INFO: Running conftest.py oneTimeSetUp teardown
02/28/26 07:06:01 PM: <module> : DEBUG: ********************End of login_test.py execution********************
02/28/26 07:06:39 PM: <module> : DEBUG: ********************Start of login_test.py execution********************
02/28/26 07:06:39 PM: <module> : INFO: Running conftest.py oneTimeSetUp setup
02/28/26 07:06:41 PM: WebdriverFactory : DEBUG: Test initiated on chrome webdriver instance
02/28/26 07:06:46 PM: LoginPage : INFO: Element found
02/28/26 07:06:47 PM: LoginPage : INFO: Element click was successful:. Locator//a[@href="/login"] Locator Type: xpath
02/28/26 07:06:47 PM: LoginPage : INFO: Element text was added successful:. Locator//input[@id="email"] Locator Type: xpath
02/28/26 07:06:47 PM: LoginPage : INFO: Element text was added successful:. Locator//input[@id="login-password"] Locator Type: xpath
02/28/26 07:06:49 PM: LoginPage : INFO: Element found
02/28/26 07:06:49 PM: LoginPage : INFO: Element click was successful:. Locator//button[@id="login"] Locator Type: xpath
02/28/26 07:06:51 PM: LoginPage : INFO: Element found
02/28/26 07:06:51 PM: LoginPage : INFO: Element Presence Check : Element Found
02/28/26 07:06:52 PM: LoginPage : INFO: Screenshot saved successfully to : C:\Users\glend\workspace_python\Automation Framework Tutorial Project\Base\../Screenshots/Error Login details are incorrect.png
02/28/26 07:06:52 PM: TestStatus : INFO: ## Verification successful :: Login details are incorrect
02/28/26 07:06:52 PM: TestStatus : INFO: ## Verification successful :: Login details are incorrect
02/28/26 07:06:52 PM: TestStatus : ERROR: login_page.py->validateLogIn()## Test Successful
02/28/26 07:06:55 PM: <module> : INFO: Running conftest.py oneTimeSetUp teardown
02/28/26 07:06:55 PM: <module> : DEBUG: ********************End of login_test.py execution********************
02/28/26 07:07:54 PM: <module> : DEBUG: ********************Start of login_test.py execution********************
02/28/26 07:07:54 PM: <module> : INFO: Running conftest.py oneTimeSetUp setup
02/28/26 07:07:56 PM: WebdriverFactory : DEBUG: Test initiated on chrome webdriver instance
02/28/26 07:08:04 PM: LoginPage : INFO: Element found
02/28/26 07:08:05 PM: LoginPage : INFO: Element click was successful:. Locator//a[@href="/login"] Locator Type: xpath
02/28/26 07:08:06 PM: LoginPage : INFO: Element text was added successful:. Locator//input[@id="email"] Locator Type: xpath
02/28/26 07:08:06 PM: LoginPage : INFO: Element text was added successful:. Locator//input[@id="login-password"] Locator Type: xpath
02/28/26 07:08:08 PM: LoginPage : INFO: Element found
02/28/26 07:08:08 PM: LoginPage : INFO: Element click was successful:. Locator//button[@id="login"] Locator Type: xpath
02/28/26 07:08:10 PM: LoginPage : INFO: Element found
02/28/26 07:08:10 PM: LoginPage : INFO: Element Presence Check : Element Found
02/28/26 07:08:10 PM: LoginPage : INFO: Screenshot saved successfully to : C:\Users\glend\workspace_python\Automation Framework Tutorial Project\Base\../Screenshots/Error Login details are incorrect.1772285890504.png
02/28/26 07:08:10 PM: TestStatus : INFO: ## Verification successful :: Login details are incorrect
02/28/26 07:08:10 PM: TestStatus : INFO: ## Verification successful :: Login details are incorrect
02/28/26 07:08:10 PM: TestStatus : ERROR: login_page.py->validateLogIn()## Test Successful
02/28/26 07:08:13 PM: <module> : INFO: Running conftest.py oneTimeSetUp teardown
02/28/26 07:08:13 PM: <module> : DEBUG: ********************End of login_test.py execution********************
03/02/26 12:30:06 PM: <module> : DEBUG: ********************Start of login_test.py execution********************
03/02/26 12:30:06 PM: <module> : INFO: Running conftest.py oneTimeSetUp setup
03/02/26 12:30:09 PM: WebdriverFactory : DEBUG: Test initiated on chrome webdriver instance
03/02/26 12:30:14 PM: LoginPage : INFO: Element found
03/02/26 12:30:15 PM: LoginPage : INFO: Element click was successful:. Locator//a[@href="/login"] Locator Type: xpath
03/02/26 12:30:16 PM: LoginPage : INFO: Element text was added successful:. Locator//input[@id="email"] Locator Type: xpath
03/02/26 12:30:16 PM: LoginPage : INFO: Element text was added successful:. Locator//input[@id="login-password"] Locator Type: xpath
03/02/26 12:30:18 PM: LoginPage : INFO: Element found
03/02/26 12:30:18 PM: LoginPage : INFO: Element click was successful:. Locator//button[@id="login"] Locator Type: xpath
03/02/26 12:30:24 PM: LoginPage : WARNING: Element not found
03/02/26 12:30:24 PM: LoginPage : DEBUG: **********Error in execution of login_test.py**********
03/02/26 12:30:24 PM: LoginPage : INFO: Element Presence Check : Element Not Found
03/02/26 12:30:24 PM: LoginPage : DEBUG: **********Error in execution of login_test.py**********
03/02/26 12:30:24 PM: LoginPage : INFO: Element found
03/02/26 12:30:24 PM: LoginPage : INFO: Element Presence Check : Element Found
03/02/26 12:30:24 PM: LoginPage : INFO: Login Successful
03/02/26 12:30:27 PM: <module> : INFO: Running conftest.py oneTimeSetUp teardown
03/02/26 12:30:27 PM: <module> : DEBUG: ********************End of login_test.py execution********************
03/02/26 03:20:52 PM: <module> : DEBUG: ********************Start of login_test.py execution********************
03/02/26 03:20:52 PM: <module> : INFO: Running conftest.py oneTimeSetUp setup
03/02/26 03:20:55 PM: WebdriverFactory : DEBUG: Test initiated on chrome webdriver instance
03/02/26 03:21:01 PM: LoginPage : INFO: Element found
03/02/26 03:21:02 PM: LoginPage : INFO: Element click was successful:. Locator//a[@href="/login"] Locator Type: xpath
03/02/26 03:21:02 PM: LoginPage : INFO: Element text was added successful:. Locator//input[@id="email"] Locator Type: xpath
03/02/26 03:21:03 PM: LoginPage : INFO: Element text was added successful:. Locator//input[@id="login-password"] Locator Type: xpath
03/02/26 03:21:05 PM: LoginPage : INFO: Element found
03/02/26 03:21:05 PM: LoginPage : INFO: Element click was successful:. Locator//button[@id="login"] Locator Type: xpath
03/02/26 03:21:10 PM: LoginPage : WARNING: Element not found
03/02/26 03:21:10 PM: LoginPage : DEBUG: **********Error in execution of login_test.py**********
03/02/26 03:21:10 PM: LoginPage : INFO: Element Presence Check : Element Not Found
03/02/26 03:21:10 PM: LoginPage : DEBUG: **********Error in execution of login_test.py**********
03/02/26 03:21:10 PM: Util : INFO: Actual Text From Application Web UI --> :: My Courses
03/02/26 03:21:10 PM: Util : INFO: Expected Text From Application Web UI --> :: My Courses
03/02/26 03:21:10 PM: LoginPage : ERROR: Failed to get page title 
03/02/26 03:21:10 PM: <module> : INFO: Running conftest.py oneTimeSetUp teardown
03/02/26 03:21:10 PM: <module> : DEBUG: ********************End of login_test.py execution********************
03/02/26 03:24:03 PM: <module> : DEBUG: ********************Start of login_test.py execution********************
03/02/26 03:24:03 PM: <module> : INFO: Running conftest.py oneTimeSetUp setup
03/02/26 03:24:04 PM: WebdriverFactory : DEBUG: Test initiated on chrome webdriver instance
03/02/26 03:24:11 PM: LoginPage : INFO: Element found
03/02/26 03:24:12 PM: LoginPage : INFO: Element click was successful:. Locator//a[@href="/login"] Locator Type: xpath
03/02/26 03:24:12 PM: LoginPage : INFO: Element text was added successful:. Locator//input[@id="email"] Locator Type: xpath
03/02/26 03:24:13 PM: LoginPage : INFO: Element text was added successful:. Locator//input[@id="login-password"] Locator Type: xpath
03/02/26 03:24:15 PM: LoginPage : INFO: Element found
03/02/26 03:24:15 PM: LoginPage : INFO: Element click was successful:. Locator//button[@id="login"] Locator Type: xpath
03/02/26 03:24:20 PM: LoginPage : WARNING: Element not found
03/02/26 03:24:20 PM: LoginPage : DEBUG: **********Error in execution of login_test.py**********
03/02/26 03:24:20 PM: LoginPage : INFO: Element Presence Check : Element Not Found
03/02/26 03:24:20 PM: LoginPage : DEBUG: **********Error in execution of login_test.py**********
03/02/26 03:24:20 PM: Util : INFO: Actual Text From Application Web UI --> :: My Courses
03/02/26 03:24:20 PM: Util : INFO: Expected Text From Application Web UI --> :: My Courses
03/02/26 03:24:20 PM: LoginPage : ERROR: Failed to get page title
03/02/26 03:24:20 PM: <module> : INFO: Running conftest.py oneTimeSetUp teardown
03/02/26 03:24:20 PM: <module> : DEBUG: ********************End of login_test.py execution********************
03/02/26 03:26:10 PM: <module> : DEBUG: ********************Start of login_test.py execution********************
03/02/26 03:26:10 PM: <module> : INFO: Running conftest.py oneTimeSetUp setup
03/02/26 03:26:12 PM: WebdriverFactory : DEBUG: Test initiated on chrome webdriver instance
03/02/26 03:26:19 PM: LoginPage : INFO: Element found
03/02/26 03:26:20 PM: LoginPage : INFO: Element click was successful:. Locator//a[@href="/login"] Locator Type: xpath
03/02/26 03:26:20 PM: LoginPage : INFO: Element text was added successful:. Locator//input[@id="email"] Locator Type: xpath
03/02/26 03:26:20 PM: LoginPage : INFO: Element text was added successful:. Locator//input[@id="login-password"] Locator Type: xpath
03/02/26 03:26:22 PM: LoginPage : INFO: Element found
03/02/26 03:26:23 PM: LoginPage : INFO: Element click was successful:. Locator//button[@id="login"] Locator Type: xpath
03/02/26 03:26:29 PM: LoginPage : WARNING: Element not found
03/02/26 03:26:29 PM: LoginPage : DEBUG: **********Error in execution of login_test.py**********
03/02/26 03:26:29 PM: LoginPage : INFO: Element Presence Check : Element Not Found
03/02/26 03:26:29 PM: LoginPage : DEBUG: **********Error in execution of login_test.py**********
03/02/26 03:26:29 PM: Util : INFO: Actual Text From Application Web UI --> :: My Courses
03/02/26 03:26:29 PM: Util : INFO: Expected Text From Application Web UI --> :: My Courses
03/02/26 03:26:29 PM: LoginPage : ERROR: Failed to get page title
03/02/26 03:26:32 PM: <module> : INFO: Running conftest.py oneTimeSetUp teardown
03/02/26 03:26:32 PM: <module> : DEBUG: ********************End of login_test.py execution********************
03/02/26 03:28:59 PM: <module> : DEBUG: ********************Start of login_test.py execution********************
03/02/26 03:28:59 PM: <module> : INFO: Running conftest.py oneTimeSetUp setup
03/02/26 03:29:00 PM: WebdriverFactory : DEBUG: Test initiated on chrome webdriver instance
03/02/26 03:29:04 PM: LoginPage : INFO: Element found
03/02/26 03:29:06 PM: LoginPage : INFO: Element click was successful:. Locator//a[@href="/login"] Locator Type: xpath
03/02/26 03:29:06 PM: LoginPage : INFO: Element text was added successful:. Locator//input[@id="email"] Locator Type: xpath
03/02/26 03:29:06 PM: LoginPage : INFO: Element text was added successful:. Locator//input[@id="login-password"] Locator Type: xpath
03/02/26 03:29:08 PM: LoginPage : INFO: Element found
03/02/26 03:29:08 PM: LoginPage : INFO: Element click was successful:. Locator//button[@id="login"] Locator Type: xpath
03/02/26 03:29:10 PM: LoginPage : INFO: Element found
03/02/26 03:29:10 PM: LoginPage : INFO: Element Presence Check : Element Found
03/02/26 03:29:10 PM: LoginPage : INFO: Screenshot saved successfully to : C:\Users\glend\workspace_python\Automation Framework Tutorial Project\Base\../Screenshots/Error Login details are incorrect.1772445550594.png
03/02/26 03:29:10 PM: TestStatus : INFO: ## Verification successful :: Login details are incorrect
03/02/26 03:29:10 PM: TestStatus : INFO: ## Verification successful :: Login details are incorrect
03/02/26 03:29:10 PM: TestStatus : ERROR: login_page.py->validateLogIn()## Test Successful
03/02/26 03:29:13 PM: <module> : INFO: Running conftest.py oneTimeSetUp teardown
03/02/26 03:29:13 PM: <module> : DEBUG: ********************End of login_test.py execution********************
03/02/26 03:29:49 PM: <module> : DEBUG: ********************Start of login_test.py execution********************
03/02/26 03:29:49 PM: <module> : INFO: Running conftest.py oneTimeSetUp setup
03/02/26 03:29:50 PM: WebdriverFactory : DEBUG: Test initiated on chrome webdriver instance
03/02/26 03:29:59 PM: LoginPage : INFO: Element found
03/02/26 03:30:00 PM: LoginPage : INFO: Element click was successful:. Locator//a[@href="/login"] Locator Type: xpath
03/02/26 03:30:00 PM: LoginPage : INFO: Element text was added successful:. Locator//input[@id="email"] Locator Type: xpath
03/02/26 03:30:01 PM: LoginPage : INFO: Element text was added successful:. Locator//input[@id="login-password"] Locator Type: xpath
03/02/26 03:30:03 PM: LoginPage : INFO: Element found
03/02/26 03:30:03 PM: LoginPage : INFO: Element click was successful:. Locator//button[@id="login"] Locator Type: xpath
03/02/26 03:30:08 PM: LoginPage : WARNING: Element not found
03/02/26 03:30:08 PM: LoginPage : DEBUG: **********Error in execution of login_test.py**********
03/02/26 03:30:08 PM: LoginPage : INFO: Element Presence Check : Element Not Found
03/02/26 03:30:08 PM: LoginPage : DEBUG: **********Error in execution of login_test.py**********
03/02/26 03:30:08 PM: Util : INFO: Actual Text From Application Web UI --> :: My Courses
03/02/26 03:30:08 PM: Util : INFO: Expected Text From Application Web UI --> :: My Courses
03/02/26 03:30:08 PM: LoginPage : ERROR: Failed to get page title
03/02/26 03:30:11 PM: <module> : INFO: Running conftest.py oneTimeSetUp teardown
03/02/26 03:30:11 PM: <module> : DEBUG: ********************End of login_test.py execution********************
03/02/26 03:31:14 PM: <module> : DEBUG: ********************Start of login_test.py execution********************
03/02/26 03:31:14 PM: <module> : INFO: Running conftest.py oneTimeSetUp setup
03/02/26 03:31:15 PM: WebdriverFactory : DEBUG: Test initiated on chrome webdriver instance
03/02/26 03:31:21 PM: LoginPage : INFO: Element found
03/02/26 03:31:22 PM: LoginPage : INFO: Element click was successful:. Locator//a[@href="/login"] Locator Type: xpath
03/02/26 03:31:23 PM: LoginPage : INFO: Element text was added successful:. Locator//input[@id="email"] Locator Type: xpath
03/02/26 03:31:23 PM: LoginPage : INFO: Element text was added successful:. Locator//input[@id="login-password"] Locator Type: xpath
03/02/26 03:31:25 PM: LoginPage : INFO: Element found
03/02/26 03:31:25 PM: LoginPage : INFO: Element click was successful:. Locator//button[@id="login"] Locator Type: xpath
03/02/26 03:31:35 PM: LoginPage : WARNING: Element not found
03/02/26 03:31:35 PM: LoginPage : DEBUG: **********Error in execution of login_test.py**********
03/02/26 03:31:35 PM: LoginPage : INFO: Element Presence Check : Element Not Found
03/02/26 03:31:35 PM: LoginPage : DEBUG: **********Error in execution of login_test.py**********
03/02/26 03:31:35 PM: Util : INFO: Actual Text From Application Web UI --> :: My Courses
03/02/26 03:31:35 PM: Util : INFO: Expected Text From Application Web UI --> :: My Courses
03/02/26 03:31:38 PM: <module> : INFO: Running conftest.py oneTimeSetUp teardown
03/02/26 03:31:38 PM: <module> : DEBUG: ********************End of login_test.py execution********************
03/02/26 03:35:10 PM: <module> : DEBUG: ********************Start of login_test.py execution********************
03/02/26 03:35:10 PM: <module> : INFO: Running conftest.py oneTimeSetUp setup
03/02/26 03:35:12 PM: WebdriverFactory : DEBUG: Test initiated on chrome webdriver instance
03/02/26 03:35:18 PM: LoginPage : INFO: Element found
03/02/26 03:35:19 PM: LoginPage : INFO: Element click was successful:. Locator//a[@href="/login"] Locator Type: xpath
03/02/26 03:35:20 PM: LoginPage : INFO: Element text was added successful:. Locator//input[@id="email"] Locator Type: xpath
03/02/26 03:35:20 PM: LoginPage : INFO: Element text was added successful:. Locator//input[@id="login-password"] Locator Type: xpath
03/02/26 03:35:22 PM: LoginPage : INFO: Element found
03/02/26 03:35:22 PM: LoginPage : INFO: Element click was successful:. Locator//button[@id="login"] Locator Type: xpath
03/02/26 03:35:27 PM: LoginPage : WARNING: Element not found
03/02/26 03:35:27 PM: LoginPage : DEBUG: **********Error in execution of login_test.py**********
03/02/26 03:35:27 PM: LoginPage : INFO: Element Presence Check : Element Not Found
03/02/26 03:35:27 PM: LoginPage : DEBUG: **********Error in execution of login_test.py**********
03/02/26 03:35:27 PM: Util : INFO: Actual Text From Application Web UI --> :: My Courses
03/02/26 03:35:27 PM: Util : INFO: Expected Text From Application Web UI --> :: My Courses
03/02/26 03:35:27 PM: LoginPage : ERROR: Failed to get page title
03/02/26 03:35:27 PM: LoginPage : INFO: Login Confirmation element not found
03/02/26 03:35:30 PM: <module> : INFO: Running conftest.py oneTimeSetUp teardown
03/02/26 03:35:30 PM: <module> : DEBUG: ********************End of login_test.py execution********************
03/02/26 03:39:45 PM: <module> : DEBUG: ********************Start of login_test.py execution********************
03/02/26 03:39:45 PM: <module> : INFO: Running conftest.py oneTimeSetUp setup
03/02/26 03:39:46 PM: WebdriverFactory : DEBUG: Test initiated on chrome webdriver instance
03/02/26 03:39:55 PM: LoginPage : INFO: Element found
03/02/26 03:39:57 PM: LoginPage : INFO: Element click was successful:. Locator//a[@href="/login"] Locator Type: xpath
03/02/26 03:39:57 PM: LoginPage : INFO: Element text was added successful:. Locator//input[@id="email"] Locator Type: xpath
03/02/26 03:39:57 PM: LoginPage : INFO: Element text was added successful:. Locator//input[@id="login-password"] Locator Type: xpath
03/02/26 03:39:59 PM: LoginPage : INFO: Element found
03/02/26 03:39:59 PM: LoginPage : INFO: Element click was successful:. Locator//button[@id="login"] Locator Type: xpath
03/02/26 03:40:05 PM: LoginPage : WARNING: Element not found
03/02/26 03:40:05 PM: LoginPage : DEBUG: **********Error in execution of login_test.py**********
03/02/26 03:40:05 PM: LoginPage : INFO: Element Presence Check : Element Not Found
03/02/26 03:40:05 PM: LoginPage : DEBUG: **********Error in execution of login_test.py**********
03/02/26 03:40:05 PM: Util : INFO: Actual Text From Application Web UI --> :: My Courses
03/02/26 03:40:05 PM: Util : INFO: Expected Text From Application Web UI --> :: My Courses
03/02/26 03:40:05 PM: Util : INFO: ## verifyTextContains Passed!!!
03/02/26 03:40:05 PM: LoginPage : INFO: Login Successful
03/02/26 03:40:08 PM: <module> : INFO: Running conftest.py oneTimeSetUp teardown
03/02/26 03:40:08 PM: <module> : DEBUG: ********************End of login_test.py execution********************
